Arguments: 
  /opt/homebrew/Cellar/node@12/12.22.7/bin/node /opt/homebrew/Cellar/yarn/1.22.15/libexec/bin/yarn.js

PATH: 
  /opt/homebrew/opt/node@12/bin:/opt/homebrew/bin:/opt/homebrew/sbin:/usr/local/bin:/usr/bin:/bin:/usr/sbin:/sbin:/Library/Apple/usr/bin

Yarn version: 
  1.22.15

Node version: 
  12.22.7

Platform: 
  darwin arm64

Trace: 
  Error: https://registry.yarnpkg.com/readable-stream/-/readable-stream-3.6.0.tgz: ENOENT: no such file or directory, open '/Users/yoon/Library/Caches/Yarn/v6/npm-readable-stream-3.6.0-337bbda3adc0706bd3e024426a286d4b4b2c9198-integrity/node_modules/readable-stream/.yarn-tarball.tgz'

npm manifest: 
  {
    "name": "strum-back",
    "version": "0.1.1",
    "keywords": [],
    "license": "ISC",
    "main": "index.js",
    "scripts": {
      "node": "NODE_ENV=DEV ts-node -r tsconfig-paths/register --files src/index.ts",
      "test": "NODE_PATH=. jest --watchAll",
      "start": "cross-env WEBPACK=true webpack --watch --progress --config webpack.config.js",
      "ec2": "ssh -i ../aws/seoul/quda.pem ubuntu@3.37.229.45",
      "prod:build": "cross-env WEBPACK=true webpack --progress --config webpack.prod.config.js",
      "prod:deploy": "scp -i ../aws/seoul/quda.pem ./build/quda-server.js ./deploy/package.json ubuntu@3.37.229.45:~/quda-server/",
      "prod": "yarn prod:build && yarn prod:deploy",
      "nginx:setup": "scp -i ../aws/seoul/quda.pem ../aws/nginx/default ../aws/nginx/package.json ubuntu@3.37.229.45:~/nginx-setup"
    },
    "graphql-schema-linter": {
      "rules": [
        "enum-values-sorted-alphabetically"
      ],
      "schemaPaths": [
        "src/graphql/**/**/**/*.graphql"
      ],
      "customRulePaths": [
        "src/graphql/**/**/**/*.ts"
      ]
    },
    "devDependencies": {
      "@babel/cli": "7.10.5",
      "@babel/core": "7.11.4",
      "@babel/node": "7.10.5",
      "@babel/plugin-proposal-async-generator-functions": "7.10.5",
      "@babel/plugin-proposal-class-properties": "7.10.4",
      "@babel/plugin-proposal-export-default-from": "7.10.4",
      "@babel/plugin-proposal-export-namespace-from": "7.10.4",
      "@babel/plugin-proposal-nullish-coalescing-operator": "7.10.4",
      "@babel/plugin-proposal-object-rest-spread": "7.11.0",
      "@babel/plugin-proposal-optional-chaining": "7.11.0",
      "@babel/plugin-proposal-private-methods": "7.10.4",
      "@babel/plugin-transform-async-to-generator": "7.10.4",
      "@babel/preset-env": "7.11.0",
      "@babel/preset-typescript": "7.10.4",
      "@types/bcrypt": "^5.0.0",
      "@types/express": "^4.17.9",
      "@types/ioredis": "^4.0.18",
      "@types/jest": "^26.0.4",
      "@types/jsonwebtoken": "^8.3.3",
      "@types/multer": "^1.4.3",
      "@types/multer-s3": "^2.7.7",
      "@types/node": "^12.11.6",
      "@types/nodemailer-smtp-transport": "^2.7.4",
      "@types/passport": "^1.0.7",
      "@types/passport-google-oauth20": "^2.0.9",
      "@types/request": "^2.48.7",
      "@typescript-eslint/eslint-plugin": "^4.8.2",
      "@typescript-eslint/parser": "^4.8.2",
      "babel-loader": "^8.0.5",
      "cross-env": "7.0.2",
      "eslint": "^6.4.0",
      "eslint-config-prettier": "^3.3.0",
      "eslint-config-standard": "^14.1.0",
      "eslint-formatter-pretty": "^2.0.0",
      "eslint-import-resolver-alias": "^1.1.2",
      "eslint-plugin-import": "^2.18.2",
      "eslint-plugin-node": "^10.0.0",
      "eslint-plugin-promise": "^4.2.1",
      "eslint-plugin-standard": "^4.0.1",
      "eslint-plugin-testcafe": "^0.2.1",
      "graphql-schema-linter": "^0.5.0",
      "graphql-tag": "2.11.0",
      "jest": "^26.1.0",
      "prettier": "^2.3.2",
      "reload-server-webpack-plugin": "1.0.1",
      "source-map-support": "^0.5.13",
      "ts-jest": "^26.1.3",
      "ts-loader": "^6.0.4",
      "ts-node": "^8.4.1",
      "tsconfig-paths": "^3.9.0",
      "typescript": "^4.1.2",
      "webpack": "4.43.0",
      "webpack-cli": "3.3.11",
      "webpack-node-externals": "1.7.2"
    },
    "dependencies": {
      "@graphql-tools/schema": "^8.2.0",
      "apollo-server": "^3.3.0",
      "apollo-server-express": "^2.19.0",
      "aws-sdk": "^2.972.0",
      "axios": "^0.21.1",
      "bcrypt": "^5.0.1",
      "body-parser": "^1.19.0",
      "convertapi": "^1.11.1",
      "express": "^4.17.1",
      "faker": "^5.5.3",
      "flower-names": "^1.1.1",
      "googleapis": "59.0.0",
      "graphql": "^15.6.0",
      "ioredis": "^4.17.3",
      "jsonwebtoken": "^8.5.1",
      "morgan": "^1.10.0",
      "multer": "^1.4.2",
      "multer-s3": "^2.9.0",
      "mysql2": "^2.2.5",
      "nanoid": "^3.1.25",
      "nodemailer": "^6.3.1",
      "nodemailer-smtp-transport": "^2.7.4",
      "passport": "^0.4.1",
      "passport-google-oauth20": "^2.0.0",
      "path": "^0.12.7",
      "reflect-metadata": "^0.1.13",
      "request": "^2.88.2",
      "sequelize": "^5.15.1",
      "sequelize-typescript": "^1.1.0",
      "short-uuid": "^4.2.0",
      "subscriptions-transport-ws": "^0.9.19",
      "type-graphql": "^1.1.1"
    }
  }

yarn manifest: 
  No manifest

Lockfile: 
  No lockfile
